2025-04-05 15:17:21 Note: Treating option '--ncp-ciphers' as  '--data-ciphers' (renamed in OpenVPN 2.5).
2025-04-05 15:17:21 us=150341 Note: --cipher is not set. OpenVPN versions before 2.5 defaulted to BF-CBC as fallback when cipher negotiation failed in this case. If you need this fallback please add '--data-ciphers-fallback BF-CBC' to your configuration and/or add BF-CBC to --data-ciphers.
2025-04-05 15:17:21 us=151250 WARNING: Ignoring option 'dh' in tls-client mode, please only include this in your server configuration
2025-04-05 15:17:21 us=151381 Current Parameter Settings:
2025-04-05 15:17:21 us=151416 NOTE: --mute triggered...
2025-04-05 15:17:21 us=151453 270 variation(s) on previous 3 message(s) suppressed by --mute
2025-04-05 15:17:21 us=151484 OpenVPN 2.6.12 aarch64-alpine-linux-musl [SSL (OpenSSL)] [LZO] [LZ4] [EPOLL] [MH/PKTINFO] [AEAD]
2025-04-05 15:17:21 us=151524 library versions: OpenSSL 3.3.3 11 Feb 2025, LZO 2.10
2025-04-05 15:18:48 us=389564 Note: --cipher is not set. OpenVPN versions before 2.5 defaulted to BF-CBC as fallback when cipher negotiation failed in this case. If you need this fallback please add '--data-ciphers-fallback BF-CBC' to your configuration and/or add BF-CBC to --data-ciphers.
2025-04-05 15:18:48 us=389695 WARNING: Ignoring option 'dh' in tls-client mode, please only include this in your server configuration
2025-04-05 15:18:48 us=389791 Current Parameter Settings:
2025-04-05 15:18:48 us=389831 NOTE: --mute triggered...
2025-04-05 15:18:48 us=389872 270 variation(s) on previous 3 message(s) suppressed by --mute
2025-04-05 15:18:48 us=389903 OpenVPN 2.6.12 aarch64-alpine-linux-musl [SSL (OpenSSL)] [LZO] [LZ4] [EPOLL] [MH/PKTINFO] [AEAD]
2025-04-05 15:18:48 us=389941 library versions: OpenSSL 3.3.3 11 Feb 2025, LZO 2.10
2025-04-05 15:20:18 us=892940 Note: --cipher is not set. OpenVPN versions before 2.5 defaulted to BF-CBC as fallback when cipher negotiation failed in this case. If you need this fallback please add '--data-ciphers-fallback BF-CBC' to your configuration and/or add BF-CBC to --data-ciphers.
2025-04-05 15:20:18 us=893104 Current Parameter Settings:
2025-04-05 15:20:18 us=893142 NOTE: --mute triggered...
2025-04-05 15:20:18 us=893183 239 variation(s) on previous 3 message(s) suppressed by --mute
2025-04-05 15:20:18 us=893222 OpenVPN 2.6.12 aarch64-alpine-linux-musl [SSL (OpenSSL)] [LZO] [LZ4] [EPOLL] [MH/PKTINFO] [AEAD]
2025-04-05 15:20:18 us=893264 library versions: OpenSSL 3.3.3 11 Feb 2025, LZO 2.10
2025-04-05 15:21:17 us=23923 Current Parameter Settings:
2025-04-05 15:21:17 us=23999 NOTE: --mute triggered...
2025-04-05 15:21:17 us=24037 239 variation(s) on previous 3 message(s) suppressed by --mute
2025-04-05 15:21:17 us=24069 OpenVPN 2.6.12 aarch64-alpine-linux-musl [SSL (OpenSSL)] [LZO] [LZ4] [EPOLL] [MH/PKTINFO] [AEAD]
2025-04-05 15:21:17 us=24100 library versions: OpenSSL 3.3.3 11 Feb 2025, LZO 2.10
2025-04-05 15:22:21 us=349222 Current Parameter Settings:
2025-04-05 15:22:21 us=349301 NOTE: --mute triggered...
2025-04-05 15:22:21 us=349341 239 variation(s) on previous 3 message(s) suppressed by --mute
2025-04-05 15:22:21 us=349374 OpenVPN 2.6.12 aarch64-alpine-linux-musl [SSL (OpenSSL)] [LZO] [LZ4] [EPOLL] [MH/PKTINFO] [AEAD]
2025-04-05 15:22:21 us=349410 library versions: OpenSSL 3.3.3 11 Feb 2025, LZO 2.10
2025-04-05 15:30:14 us=183121 Current Parameter Settings:
2025-04-05 15:30:14 us=183188 NOTE: --mute triggered...
2025-04-05 15:30:14 us=183228 239 variation(s) on previous 3 message(s) suppressed by --mute
2025-04-05 15:30:14 us=183261 OpenVPN 2.6.12 aarch64-alpine-linux-musl [SSL (OpenSSL)] [LZO] [LZ4] [EPOLL] [MH/PKTINFO] [AEAD]
2025-04-05 15:30:14 us=183300 library versions: OpenSSL 3.3.3 11 Feb 2025, LZO 2.10
